35221146364058000115550020000170981107529628
35221146364058000115550020000170141108093874
35221146364058000115550020000184501618571568
35221146364058000115550020000171141088300794
35221146364058000115550020000183881966392845
35221146364058000115550020000183521874766533
35221146364058000115550020000183561779445813
35221146364058000115550020000161701815931505
35221146364058000115550020000180341257724652
35221146364058000115550020000178601947897556
35221146364058000115550020000161601181056855
35221146364058000115550020000170441187776464
35221146364058000115550020000167481097178498
35221146364058000115550020000177461863849173
35221146364058000115550020000185841356739134
35221146364058000115550020000184881215034251
35221146364058000115550020000162141262676414
35221146364058000115550020000179661770758481
35221146364058000115550020000161541231532003
35221146364058000115550020000176371943122330
35221146364058000115550020000176121361889132
35221146364058000115550020000173371221584579
35221146364058000115550020000164021302740584
35221146364058000115550020000184421298458160
35221146364058000115550020000177071053628830
35221146364058000115550020000162581058023917
35221146364058000115550020000170181446060273
35221146364058000115550020000169941468402190
35221146364058000115550020000180181024885137
35221146364058000115550020000185421615796783
35221146364058000115550020000169761310277058
35221146364058000115550020000181021442492586
35221146364058000115550020000161621581201881
35221146364058000115550020000169481606730070
35221146364058000115550020000169561509347375
35221146364058000115550020000185821311256334
35221146364058000115550020000169741089650729
35221146364058000115550020000168281614542735
35221146364058000115550020000178981496273348
35221146364058000115550020000162501349286878
35221146364058000115550020000177761950915890
35221146364058000115550020000161161459533163
35221146364058000115550020000185741871166444
35221146364058000115550020000169441988319236
35221146364058000115550020000174941986503292
35221146364058000115550020000181441056967274
35221146364058000115550020000173621004998874
35221146364058000115550020000182321623418188
35221146364058000115550020000179941425991996
35221146364058000115550020000177881449743463
35221146364058000115550020000178321874831017
35221146364058000115550020000178301864779190
35221146364058000115550020000161361928225710
35221146364058000115550020000169721196960760
35221146364058000115550020000178001137157387
35221146364058000115550020000162621042172449
35221146364058000115550020000179001129528652
35221146364058000115550020000181381359157794
35221146364058000115550020000178901483939158
35221146364058000115550020000180501435058746
35221146364058000115550020000175261045550554
35221146364058000115550020000164821556774031
35221146364058000115550020000185461251571550
35221146364058000115550020000176141843872278
35221146364058000115550020000184981901299028
35221146364058000115550020000179161227659077
35221146364058000115550020000162721092358208
35221146364058000115550020000173501944095943
35221146364058000115550020000178801052981930
35221146364058000115550020000162441251092385
35221146364058000115550020000179201903694145
35221146364058000115550020000161201429375651
35221146364058000115550020000162161475729200
35221146364058000115550020000184641971959223
35221146364058000115550020000184001793965713
35221146364058000115550020000173261677884806
35221146364058000115550020000161581127416344
35221146364058000115550020000166101545021454
35221146364058000115550020000176281832851547
35221146364058000115550020000177541631218796
35221146364058000115550020000175921607161615
35221146364058000115550020000177601921246994
35221146364058000115550020000177581116562252
35221146364058000115550020000178021328828345
35221146364058000115550020000167921656194218
35221146364058000115550020000163141021086584
35221146364058000115550020000185401381412181
35221146364058000115550020000174861077547705
35221146364058000115550020000174921306514572
35221146364058000115550020000185131758189390
35221146364058000115550020000185701380500833
35221146364058000115550020000174701620814624
35221146364058000115550020000162481988015181
35221146364058000115550020000178501589330992
35221146364058000115550020000173941399098930
35221146364058000115550020000173391229693150
35221146364058000115550020000171061428879520
35221146364058000115550020000186361424084060
35221146364058000115550020000184741787420658
35221146364058000115550020000176491625399991
35221146364058000115550020000178621969419880
35221146364058000115550020000181271407963097
35221146364058000115550020000175281739679351
35221146364058000115550020000179381718989910
35221146364058000115550020000181781323660670
35221146364058000115550020000178101216504779
35221146364058000115550020000162081353925495
35221146364058000115550020000174081635380815
35221146364058000115550020000183621433426575
35221146364058000115550020000162361380274704
35221146364058000115550020000177531524250575
35221146364058000115550020000177361920300655
35221146364058000115550020000181321991595260
35221146364058000115550020000171401108036957
35221146364058000115550020000170361063370600
35221146364058000115550020000179121629728058
35221146364058000115550020000162221381232287
35221146364058000115550020000185581173446537
35221146364058000115550020000171521937021569
35221146364058000115550020000185021823320634
35221146364058000115550020000180681324147044
35221146364058000115550020000161281646563365
35221146364058000115550020000162121605660469
35221146364058000115550020000173761441838136
35221146364058000115550020000181661564222009
35221146364058000115550020000169521617363174
35221146364058000115550020000171361887065220
35221146364058000115550020000162421765667827
35221146364058000115550020000176771326940792
35221146364058000115550020000178361241462240
35221146364058000115550020000169601667518270
35221146364058000115550020000182241070493155
35221146364058000115550020000182301285414583
35221146364058000115550020000183381568619465
35221146364058000115550020000180401923038195
35221146364058000115550020000178781495167959
35221146364058000115550020000183811339208930
35221146364058000115550020000170321580698421
35221146364058000115550020000166861538914218
35221146364058000115550020000161321881257670
35221146364058000115550020000180481208802055
35221146364058000115550020000172181773694454
35221146364058000115550020000179461044469510
35221146364058000115550020000170941995434417
35221146364058000115550020000177141127018783
35221146364058000115550020000175221991382488
35221146364058000115550020000183721405744823
35221146364058000115550020000171121931331196
35221146364058000115550020000170521793402913
35221146364058000115550020000174381626724220
35221146364058000115550020000180041937741709
35221146364058000115550020000182781827644169
35221146364058000115550020000161221829929721
35221146364058000115550020000171421199836662
35221146364058000115550020000177341716141892
35221146364058000115550020000176411141448228
35221146364058000115550020000181041658463953
35221146364058000115550020000176971072285847
35221146364058000115550020000174501372186790
35221146364058000115550020000173421946085854
35221146364058000115550020000171921389828123
35221146364058000115550020000168241419960028
35221146364058000115550020000178881853649606
35221146364058000115550020000179601644844907
35221146364058000115550020000185171158138573
35221146364058000115550020000171021433231401
35221146364058000115550020000162941345969878
35221146364058000115550020000179261506093530
35221146364058000115550020000185041297659710
35221146364058000115550020000180841780119701
35221146364058000115550020000184541015923372
35221146364058000115550020000162181100662026
35221146364058000115550020000182441585352856
35221146364058000115550020000170761169444092
35221146364058000115550020000178681006829051
35221146364058000115550020000162241146230967
35221146364058000115550020000161821127741844
35221146364058000115550020000186401371170350
35221146364058000115550020000177621420480913
35221146364058000115550020000178541236262830
35221146364058000115550020000161881070962409
35221146364058000115550020000177051220446995
35221146364058000115550020000184621619415730
35221146364058000115550020000162381138086050
35221146364058000115550020000173881593839020
35221146364058000115550020000186161054649464
35221146364058000115550020000177781782039035
35221146364058000115550020000175361242109628
35221146364058000115550020000185981059889234
35221146364058000115550020000162841878426205
35221146364058000115550020000169461012508982
35221146364058000115550020000177181114717857
35221146364058000115550020000170501577078068
35221146364058000115550020000164401334792696
35221146364058000115550020000184521118955302
35221146364058000115550020000161661811566400
35221146364058000115550020000169541191933499
35221146364058000115550020000185361631806308
35221146364058000115550020000179081914263685
35221146364058000115550020000184141952352074
35221146364058000115550020000171201691827240
35221146364058000115550020000176891295405085
35221146364058000115550020000161261843043726
35221146364058000115550020000161241053239527
35221146364058000115550020000183701641818105
35221146364058000115550020000170301243456703
35221146364058000115550020000184241523181274
35221146364058000115550020000170381077523025
35221146364058000115550020000176261738437169
35221146364058000115550020000184041991745972
35221146364058000115550020000186421892156407
35221146364058000115550020000179281755635934
35221146364058000115550020000171961480890820
35221146364058000115550020000175541076583858
35221146364058000115550020000183741715018157
35221146364058000115550020000180861963384913
35221146364058000115550020000164901714752086
35221146364058000115550020000182661883148227
35221146364058000115550020000164601316293180
35221146364058000115550020000174061949752982
35221146364058000115550020000171171350118180
35221146364058000115550020000181341096048575
35221146364058000115550020000180221997016464
35221146364058000115550020000161341195210584
35221146364058000115550020000179181010996548
35221146364058000115550020000175641342902723
35221146364058000115550020000174251160408193
35221146364058000115550020000185151868957605
35221146364058000115550020000162961949790428
35221146364058000115550020000174441004795709
35221146364058000115550020000176671046321735
35221146364058000115550020000180981113310041
35221146364058000115550020000161101136753753
35221146364058000115550020000183421373444090
35221146364058000115550020000182941226743042
35221146364058000115550020000177941601496980
35221146364058000115550020000167761575927351
35221146364058000115550020000178661503237840
35221146364058000115550020000181131014496315
35221146364058000115550020000183821509486452
35221146364058000115550020000180461256450720
35221146364058000115550020000170461548069673
35221146364058000115550020000184901310213328
35221146364058000115550020000162021201736548
35221146364058000115550020000182601103060917
35221146364058000115550020000182381994063624
35221146364058000115550020000163021428254853
35221146364058000115550020000172461580173554
35221146364058000115550020000181741474700841
35221146364058000115550020000179881572744511
35221146364058000115550020000171381053374157
35221146364058000115550020000170561444166547
35221146364058000115550020000184121657209199
35221146364058000115550020000183461167628929
35221146364058000115550020000186141679646473
35221146364058000115550020000173861510776560
35221146364058000115550020000176711928529353
35221146364058000115550020000183281161001810
35221146364058000115550020000170701328932572
35221146364058000115550020000163381599683522
35221146364058000115550020000162321897743788
35221146364058000115550020000185781913032334
35221146364058000115550020000185861918171288
35221146364058000115550020000178421906751419
35221146364058000115550020000170961643797836
35221146364058000115550020000161721832995910
35221146364058000115550020000185341624862481
35221146364058000115550020000186321307670958
35221146364058000115550020000173521455609744
35221146364058000115550020000183501653717632
35221146364058000115550020000179541030583784
35221146364058000115550020000183581708779942
35221146364058000115550020000174841165548890
35221146364058000115550020000185561182201075
35221146364058000115550020000184181381582161
35221146364058000115550020000180001018862100
35221146364058000115550020000171741976365432
35221146364058000115550020000173401527259816
35221146364058000115550020000176181034094220
35221146364058000115550020000174291740754908
35221146364058000115550020000161561753670100
35221146364058000115550020000173701385844144
35221146364058000115550020000177821258519867
35221146364058000115550020000176301145450142
35221146364058000115550020000184481447923920
35221146364058000115550020000186101715883027
35221146364058000115550020000184321914830507
35221146364058000115550020000179981581519009
35221146364058000115550020000173671805120482
35221146364058000115550020000179801175148825
35221146364058000115550020000184081455449366
35221146364058000115550020000185441792503953
35221146364058000115550020000170801228473149
35221146364058000115550020000161041798579890
35221146364058000115550020000182621114850463
35221146364058000115550020000166261404687979
35221146364058000115550020000177401359116997
35221146364058000115550020000179301534272330
35221146364058000115550020000174821924315424
35221146364058000115550020000185941627614916
35221146364058000115550020000174901676913329
35221146364058000115550020000186341319194310
35221146364058000115550020000178821027391151
35221146364058000115550020000175741713810119
35221146364058000115550020000175201198727511
35221146364058000115550020000162101384461065
35221146364058000115550020000176201402153366
35221146364058000115550020000161441259117136
35221146364058000115550020000176751374755741
35221146364058000115550020000186081369546821
35221146364058000115550020000174661565038033
35221146364058000115550020000173801132337321
35221146364058000115550020000170421350156690
35221146364058000115550020000176991186582241
35221146364058000115550020000186241179267518
35221146364058000115550020000182261555452587
35221146364058000115550020000183641444066995
35221146364058000115550020000175941228027508
35221146364058000115550020000184581111620864
35221146364058000115550020000186031577349751
35221146364058000115550020000170201894761893
35221146364058000115550020000176861040776450
35221146364058000115550020000162341020847597
35221146364058000115550020000176801940868102
35221146364058000115550020000183441491802128
35221146364058000115550020000186181789501355
35221146364058000115550020000179841653301696
35221146364058000115550020000173541198418370
35221146364058000115550020000176611055380230
35221146364058000115550020000176241469740432
35221146364058000115550020000176531327410558
35221146364058000115550020000177471493853268
35221146364058000115550020000170541310690000
35221146364058000115550020000162861318943136
35221146364058000115550020000170261343693550
35221146364058000115550020000166741436612068
35221146364058000115550020000176341843451933
35221146364058000115550020000179821862276959
35221146364058000115550020000170921336409376
35221146364058000115550020000170661893016484
35221146364058000115550020000178941371477062
35221146364058000115550020000186061380413587
35221146364058000115550020000171241162505265
35221146364058000115550020000170001686009820
35221146364058000115550020000185811567119061
35221146364058000115550020000185641632380201
35221146364058000115550020000161641163866505
35221146364058000115550020000176451541711073
35221146364058000115550020000176221240869617
35221146364058000115550020000167801921033700
35221146364058000115550020000182491864173750
35221146364058000115550020000182101086166048
35221146364058000115550020000185681343713995
35221146364058000115550020000169841621505445
35221146364058000115550020000175421549105132
35221146364058000115550020000176811340138887
35221146364058000115550020000181241483681402
35221146364058000115550020000176931355555986
35221146364058000115550020000175041933886004
35221146364058000115550020000178701751501290
35221146364058000115550020000178721062400459
35221146364058000115550020000183661033649215
35221146364058000115550020000184061461761185
35221146364058000115550020000168421313102026
35221146364058000115550020000162261075193520
35221146364058000115550020000174721709476986
35221146364058000115550020000173681564947942
35221146364058000115550020000167961459125743
35221146364058000115550020000174741737818696
35221146364058000115550020000184841685168549
35221146364058000115550020000176911036278581
35221146364058000115550020000180021106296372
35221146364058000115550020000183681970078286
35221146364058000115550020000181761292949172
35221146364058000115550020000186121787937381
35221146364058000115550020000184921168617210
35221146364058000115550020000177491882886145
35221146364058000115550020000161421299400802
35221146364058000115550020000174421622037159
35221146364058000115550020000169781023553821
35221146364058000115550020000181591184992550
35221146364058000115550020000180201141916770
35221146364058000115550020000178121179855164
35221146364058000115550020000173721097432678
35221146364058000115550020000174161326824435
35221146364058000115550020000173641983642947
35221146364058000115550020000184221018391645
35221146364058000115550020000171841224530762
35221146364058000115550020000178761563093469
35221146364058000115550020000180141246815314
35221146364058000115550020000162461723996961
35221146364058000115550020000167241683471731
35221146364058000115550020000183401355198657
35221146364058000115550020000184101208386579
35221146364058000115550020000170481786164589
35221146364058000115550020000175561387951730
35221146364058000115550020000184601563437373
35221146364058000115550020000173081051700105
35221146364058000115550020000177641587742851
35221146364058000115550020000178081112503310
35221146364058000115550020000170081305064390
35221146364058000115550020000183361597935928
35221146364058000115550020000183961054672622
35221146364058000115550020000184161052509567
35221146364058000115550020000181501311850460
